2022-05-18 00:12:37,398 [INFO] Activator:170 - 


2022-05-18 00:12:37,398 [INFO] Activator:171 - !SESSION log4j initialized
2022-05-18 00:12:56,521 [INFO] McuFinderGlobals:39 - Set McuFinder mode to 2 (CubeIDE integrated)
2022-05-18 00:12:58,192 [INFO] ApplicationProperties:181 - Using Application install path: C:\ST\STM32CubeIDE_1.6.1\STM32CubeIDE\plugins\com.st.stm32cube.common.mx_6.2.1.202103241236
2022-05-18 00:12:58,270 [INFO] DbMcusXml:74 - Set database path to: C:\ST\STM32CubeIDE_1.6.1\STM32CubeIDE\plugins\com.st.stm32cube.common.mx_6.2.1.202103241236\\db\/mcu/
2022-05-18 00:12:58,302 [INFO] DbBoardsPdsc:56 - Set plugin database path to: C:\ST\STM32CubeIDE_1.6.1\STM32CubeIDE\plugins\com.st.stm32cube.common.mx_6.2.1.202103241236\\db\/plugins/boardmanager/
2022-05-18 00:12:58,302 [INFO] DbMcus:258 - Set plugin images path to: C:\ST\STM32CubeIDE_1.6.1\STM32CubeIDE\plugins\com.st.stm32cube.common.mx_6.2.1.202103241236\\db\/plugins/mcufinder/images/
2022-05-18 00:12:58,302 [INFO] DbBoards:264 - Set plugin images path to: C:\ST\STM32CubeIDE_1.6.1\STM32CubeIDE\plugins\com.st.stm32cube.common.mx_6.2.1.202103241236\\db\/plugins/mcufinder/images/
2022-05-18 00:12:58,302 [INFO] DbExamples:333 - Set plugin images path to: C:\ST\STM32CubeIDE_1.6.1\STM32CubeIDE\plugins\com.st.stm32cube.common.mx_6.2.1.202103241236\\db\/plugins/mcufinder/images/
2022-05-18 00:12:58,427 [INFO] DbMcusAds:85 - Set database path to: C:\Users\Admin\.stmcufinder\plugins\mcufinder//mcu/
2022-05-18 00:12:58,442 [INFO] DbMcusDocs:110 - Set database path to: C:\Users\Admin\.stmcufinder\plugins\mcufinder//mcu/
2022-05-18 00:12:58,442 [INFO] DbMcusJson:65 - Set database path to: C:\Users\Admin\.stmcufinder\plugins\mcufinder//mcu/
2022-05-18 00:12:58,442 [INFO] DbBoardsDocs:110 - Set database path to: C:\Users\Admin\.stmcufinder\plugins\mcufinder//mcu/
2022-05-18 00:12:58,442 [INFO] DbBoardsJson:58 - Set database path to: C:\Users\Admin\.stmcufinder\plugins\mcufinder//mcu/
2022-05-18 00:12:58,458 [INFO] CrossReferenceDbSqlite:196 - Set database path to: C:\Users\Admin\.stmcufinder\plugins\mcufinder//mcu/cs/
2022-05-18 00:12:58,458 [INFO] DbExamplesSqlite:690 - Set database path to: C:\Users\Admin\.stmcufinder\plugins\mcufinder//mcu/
2022-05-18 00:12:58,766 [INFO] RulesReader:52 - Compatibility file has been processed (237 Rules)
2022-05-18 00:12:59,203 [INFO] MicroXplorer:622 - Detected Java Version = 11.0.9.1
2022-05-18 00:12:59,203 [INFO] DbMcusXml:74 - Set database path to: C:\ST\STM32CubeIDE_1.6.1\STM32CubeIDE\plugins\com.st.stm32cube.common.mx_6.2.1.202103241236\\db\/mcu/
2022-05-18 00:12:59,203 [INFO] DbBoardsPdsc:56 - Set plugin database path to: C:\ST\STM32CubeIDE_1.6.1\STM32CubeIDE\plugins\com.st.stm32cube.common.mx_6.2.1.202103241236\\db\/plugins/boardmanager/
2022-05-18 00:12:59,203 [INFO] DbMcus:258 - Set plugin images path to: C:\ST\STM32CubeIDE_1.6.1\STM32CubeIDE\plugins\com.st.stm32cube.common.mx_6.2.1.202103241236\\db\/plugins/mcufinder/images/
2022-05-18 00:12:59,203 [INFO] DbBoards:264 - Set plugin images path to: C:\ST\STM32CubeIDE_1.6.1\STM32CubeIDE\plugins\com.st.stm32cube.common.mx_6.2.1.202103241236\\db\/plugins/mcufinder/images/
2022-05-18 00:12:59,203 [INFO] DbExamples:333 - Set plugin images path to: C:\ST\STM32CubeIDE_1.6.1\STM32CubeIDE\plugins\com.st.stm32cube.common.mx_6.2.1.202103241236\\db\/plugins/mcufinder/images/
2022-05-18 00:12:59,203 [WARN] DbFile:35 - Overriding database path with different value: C:\Users\Admin\.stmcufinder\plugins\mcufinder/ => C:\Users\Admin\.stmcufinder\plugins\mcufinder
2022-05-18 00:12:59,203 [INFO] DbMcusAds:85 - Set database path to: C:\Users\Admin\.stmcufinder\plugins\mcufinder//mcu/
2022-05-18 00:12:59,203 [WARN] DbFile:35 - Overriding database path with different value: C:\Users\Admin\.stmcufinder\plugins\mcufinder/ => C:\Users\Admin\.stmcufinder\plugins\mcufinder
2022-05-18 00:12:59,203 [INFO] DbMcusDocs:110 - Set database path to: C:\Users\Admin\.stmcufinder\plugins\mcufinder//mcu/
2022-05-18 00:12:59,203 [WARN] DbFile:35 - Overriding database path with different value: C:\Users\Admin\.stmcufinder\plugins\mcufinder/ => C:\Users\Admin\.stmcufinder\plugins\mcufinder
2022-05-18 00:12:59,203 [INFO] DbMcusJson:65 - Set database path to: C:\Users\Admin\.stmcufinder\plugins\mcufinder//mcu/
2022-05-18 00:12:59,203 [WARN] DbFile:35 - Overriding database path with different value: C:\Users\Admin\.stmcufinder\plugins\mcufinder/ => C:\Users\Admin\.stmcufinder\plugins\mcufinder
2022-05-18 00:12:59,203 [INFO] DbBoardsDocs:110 - Set database path to: C:\Users\Admin\.stmcufinder\plugins\mcufinder//mcu/
2022-05-18 00:12:59,203 [WARN] DbFile:35 - Overriding database path with different value: C:\Users\Admin\.stmcufinder\plugins\mcufinder/ => C:\Users\Admin\.stmcufinder\plugins\mcufinder
2022-05-18 00:12:59,203 [INFO] DbBoardsJson:58 - Set database path to: C:\Users\Admin\.stmcufinder\plugins\mcufinder//mcu/
2022-05-18 00:12:59,203 [WARN] DbFile:35 - Overriding database path with different value: C:\Users\Admin\.stmcufinder\plugins\mcufinder/ => C:\Users\Admin\.stmcufinder\plugins\mcufinder
2022-05-18 00:12:59,203 [WARN] DbFile:35 - Overriding database path with different value: C:\Users\Admin\.stmcufinder\plugins\mcufinder/ => C:\Users\Admin\.stmcufinder\plugins\mcufinder
2022-05-18 00:12:59,203 [INFO] CrossReferenceDbSqlite:196 - Set database path to: C:\Users\Admin\.stmcufinder\plugins\mcufinder//mcu/cs/
2022-05-18 00:12:59,203 [WARN] DbFile:35 - Overriding database path with different value: C:\Users\Admin\.stmcufinder\plugins\mcufinder/ => C:\Users\Admin\.stmcufinder\plugins\mcufinder
2022-05-18 00:12:59,203 [INFO] DbExamplesSqlite:690 - Set database path to: C:\Users\Admin\.stmcufinder\plugins\mcufinder//mcu/
2022-05-18 00:12:59,875 [INFO] MainPanel:204 - HeapMemory: 268435456
2022-05-18 00:13:00,500 [INFO] DbMcusXml:74 - Set database path to: C:\ST\STM32CubeIDE_1.6.1\STM32CubeIDE\plugins\com.st.stm32cube.common.mx_6.2.1.202103241236\\db\/mcu/
2022-05-18 00:13:00,500 [INFO] DbBoardsPdsc:56 - Set plugin database path to: C:\ST\STM32CubeIDE_1.6.1\STM32CubeIDE\plugins\com.st.stm32cube.common.mx_6.2.1.202103241236\\db\/plugins/boardmanager/
2022-05-18 00:13:00,500 [INFO] DbMcus:258 - Set plugin images path to: C:\ST\STM32CubeIDE_1.6.1\STM32CubeIDE\plugins\com.st.stm32cube.common.mx_6.2.1.202103241236\\db\/plugins/mcufinder/images/
2022-05-18 00:13:00,500 [INFO] DbBoards:264 - Set plugin images path to: C:\ST\STM32CubeIDE_1.6.1\STM32CubeIDE\plugins\com.st.stm32cube.common.mx_6.2.1.202103241236\\db\/plugins/mcufinder/images/
2022-05-18 00:13:00,500 [INFO] DbExamples:333 - Set plugin images path to: C:\ST\STM32CubeIDE_1.6.1\STM32CubeIDE\plugins\com.st.stm32cube.common.mx_6.2.1.202103241236\\db\/plugins/mcufinder/images/
2022-05-18 00:13:00,500 [WARN] DbFile:35 - Overriding database path with different value: C:\Users\Admin\.stmcufinder\plugins\mcufinder/ => C:\Users\Admin\.stmcufinder\plugins\mcufinder
2022-05-18 00:13:00,500 [INFO] DbMcusAds:85 - Set database path to: C:\Users\Admin\.stmcufinder\plugins\mcufinder//mcu/
2022-05-18 00:13:00,500 [WARN] DbFile:35 - Overriding database path with different value: C:\Users\Admin\.stmcufinder\plugins\mcufinder/ => C:\Users\Admin\.stmcufinder\plugins\mcufinder
2022-05-18 00:13:00,500 [INFO] DbMcusDocs:110 - Set database path to: C:\Users\Admin\.stmcufinder\plugins\mcufinder//mcu/
2022-05-18 00:13:00,500 [WARN] DbFile:35 - Overriding database path with different value: C:\Users\Admin\.stmcufinder\plugins\mcufinder/ => C:\Users\Admin\.stmcufinder\plugins\mcufinder
2022-05-18 00:13:00,500 [INFO] DbMcusJson:65 - Set database path to: C:\Users\Admin\.stmcufinder\plugins\mcufinder//mcu/
2022-05-18 00:13:00,500 [WARN] DbFile:35 - Overriding database path with different value: C:\Users\Admin\.stmcufinder\plugins\mcufinder/ => C:\Users\Admin\.stmcufinder\plugins\mcufinder
2022-05-18 00:13:00,500 [INFO] DbBoardsDocs:110 - Set database path to: C:\Users\Admin\.stmcufinder\plugins\mcufinder//mcu/
2022-05-18 00:13:00,500 [WARN] DbFile:35 - Overriding database path with different value: C:\Users\Admin\.stmcufinder\plugins\mcufinder/ => C:\Users\Admin\.stmcufinder\plugins\mcufinder
2022-05-18 00:13:00,500 [INFO] DbBoardsJson:58 - Set database path to: C:\Users\Admin\.stmcufinder\plugins\mcufinder//mcu/
2022-05-18 00:13:00,500 [WARN] DbFile:35 - Overriding database path with different value: C:\Users\Admin\.stmcufinder\plugins\mcufinder/ => C:\Users\Admin\.stmcufinder\plugins\mcufinder
2022-05-18 00:13:00,500 [WARN] DbFile:35 - Overriding database path with different value: C:\Users\Admin\.stmcufinder\plugins\mcufinder/ => C:\Users\Admin\.stmcufinder\plugins\mcufinder
2022-05-18 00:13:00,500 [INFO] CrossReferenceDbSqlite:196 - Set database path to: C:\Users\Admin\.stmcufinder\plugins\mcufinder//mcu/cs/
2022-05-18 00:13:00,500 [WARN] DbFile:35 - Overriding database path with different value: C:\Users\Admin\.stmcufinder\plugins\mcufinder/ => C:\Users\Admin\.stmcufinder\plugins\mcufinder
2022-05-18 00:13:00,500 [INFO] DbExamplesSqlite:690 - Set database path to: C:\Users\Admin\.stmcufinder\plugins\mcufinder//mcu/
2022-05-18 00:13:00,641 [INFO] ApplicationProperties:181 - Using Application install path: C:\ST\STM32CubeIDE_1.6.1\STM32CubeIDE\plugins\com.st.stm32cube.common.mx_6.2.1.202103241236
2022-05-18 00:13:00,641 [INFO] PluginManage:178 - Search for loadable plugins [exclusion list=, ]
2022-05-18 00:13:00,672 [INFO] PluginManage:292 - Check plugin analytics
2022-05-18 00:13:01,062 [INFO] AnalyticsPlugin:233 - Accepted Software Licenses: 
2022-05-18 00:13:01,062 [INFO] AnalyticsPlugin:235 - Accepted CMSIS Pack Licenses: 
2022-05-18 00:13:01,062 [INFO] AnalyticsPlugin:237 - Accepted Firmware Licenses: 
2022-05-18 00:13:01,062 [INFO] PluginManage:342 - Loaded plugin analytics (category:tool,tabindex:-1)
2022-05-18 00:13:01,062 [INFO] PluginManage:292 - Check plugin clock
2022-05-18 00:13:01,140 [INFO] PluginManage:342 - Loaded plugin clock (category:base,tabindex:2)
2022-05-18 00:13:01,140 [INFO] PluginManage:292 - Check plugin ddr
2022-05-18 00:13:01,172 [INFO] PluginManage:342 - Loaded plugin ddr (category:tool,tabindex:6)
2022-05-18 00:13:01,172 [INFO] PluginManage:292 - Check plugin filemanager
2022-05-18 00:13:01,562 [INFO] PluginManage:342 - Loaded plugin filemanager (category:base,tabindex:10)
2022-05-18 00:13:01,562 [INFO] PluginManage:292 - Check plugin ipmanager
2022-05-18 00:13:01,609 [INFO] PluginManage:342 - Loaded plugin ipmanager (category:base,tabindex:5)
2022-05-18 00:13:01,609 [INFO] PluginManage:292 - Check plugin pinoutandconfiguration
2022-05-18 00:13:01,625 [INFO] PluginManage:342 - Loaded plugin pinoutandconfiguration (category:base,tabindex:1)
2022-05-18 00:13:01,625 [INFO] PluginManage:292 - Check plugin pinoutconfig
2022-05-18 00:13:01,703 [INFO] PluginManage:342 - Loaded plugin pinoutconfig (category:base,tabindex:0)
2022-05-18 00:13:01,703 [INFO] PluginManage:292 - Check plugin power
2022-05-18 00:13:01,781 [INFO] PluginManage:342 - Loaded plugin power (category:power,tabindex:4)
2022-05-18 00:13:01,781 [INFO] PluginManage:292 - Check plugin projectmanager
2022-05-18 00:13:01,828 [INFO] PluginManage:342 - Loaded plugin projectmanager (category:projectmanager,tabindex:3)
2022-05-18 00:13:01,828 [INFO] PluginManage:292 - Check plugin thirdparty
2022-05-18 00:13:02,312 [INFO] PluginManage:342 - Loaded plugin thirdparty (category:base,tabindex:-1)
2022-05-18 00:13:02,312 [INFO] PluginManage:292 - Check plugin tools
2022-05-18 00:13:02,312 [WARN] IntegrityCheckThread:59 - waiting for thirdparty lock release [integrity check]
2022-05-18 00:13:02,312 [INFO] IntegrityCheckThread:61 - entering critical section [integrity check]
2022-05-18 00:13:02,312 [INFO] ThirdPartyUpdaterWithRetryManager:56 - Updater plugin not ready yet. [1/15]
2022-05-18 00:13:02,390 [INFO] PluginManage:342 - Loaded plugin tools (category:base,tabindex:7)
2022-05-18 00:13:02,390 [INFO] PluginManage:292 - Check plugin tutovideos
2022-05-18 00:13:02,749 [INFO] PluginManage:342 - Loaded plugin tutovideos (category:base,tabindex:-1)
2022-05-18 00:13:02,749 [INFO] PluginManage:292 - Check plugin updater
2022-05-18 00:13:02,796 [INFO] PluginManage:342 - Loaded plugin updater (category:base,tabindex:12)
2022-05-18 00:13:02,796 [INFO] PluginManage:265 - PluginManage : Loaded plugins [13]
2022-05-18 00:13:03,437 [INFO] PinOutPanel:1435 - setPackage(No Configuration,No Configuration)
2022-05-18 00:13:03,901 [INFO] IPUIPlugin:64 - create IPUIPlugin
2022-05-18 00:13:03,901 [INFO] PluginManager:203 - loadIPPluginJar : add adc
2022-05-18 00:13:03,948 [INFO] IPUIPlugin:64 - create IPUIPlugin
2022-05-18 00:13:03,948 [INFO] PluginManager:203 - loadIPPluginJar : add aes
2022-05-18 00:13:04,026 [INFO] IPUIPlugin:64 - create IPUIPlugin
2022-05-18 00:13:04,026 [INFO] PluginManager:203 - loadIPPluginJar : add can
2022-05-18 00:13:04,073 [INFO] IPUIPlugin:64 - create IPUIPlugin
2022-05-18 00:13:04,073 [INFO] PluginManager:203 - loadIPPluginJar : add comp
2022-05-18 00:13:04,151 [INFO] IPUIPlugin:64 - create IPUIPlugin
2022-05-18 00:13:04,151 [INFO] PluginManager:203 - loadIPPluginJar : add cryp
2022-05-18 00:13:04,214 [INFO] IPUIPlugin:64 - create IPUIPlugin
2022-05-18 00:13:04,214 [INFO] PluginManager:203 - loadIPPluginJar : add dfsdm
2022-05-18 00:13:04,229 [INFO] IPUIPlugin:64 - create IPUIPlugin
2022-05-18 00:13:04,260 [INFO] PluginManager:203 - loadIPPluginJar : add dma
2022-05-18 00:13:04,292 [INFO] IPUIPlugin:64 - create IPUIPlugin
2022-05-18 00:13:04,292 [INFO] PluginManager:203 - loadIPPluginJar : add fatfs
2022-05-18 00:13:04,370 [INFO] IPUIPlugin:64 - create IPUIPlugin
2022-05-18 00:13:04,370 [INFO] PluginManager:203 - loadIPPluginJar : add fmc
2022-05-18 00:13:04,401 [INFO] IPUIPlugin:64 - create IPUIPlugin
2022-05-18 00:13:04,401 [INFO] PluginManager:203 - loadIPPluginJar : add freertos
2022-05-18 00:13:04,448 [INFO] IPUIPlugin:64 - create IPUIPlugin
2022-05-18 00:13:04,448 [INFO] PluginManager:203 - loadIPPluginJar : add genericplugin
2022-05-18 00:13:04,604 [INFO] IPUIPlugin:64 - create IPUIPlugin
2022-05-18 00:13:04,604 [INFO] PluginManager:203 - loadIPPluginJar : add gfxmmu
2022-05-18 00:13:04,776 [INFO] IPUIPlugin:64 - create IPUIPlugin
2022-05-18 00:13:04,776 [INFO] PluginManager:203 - loadIPPluginJar : add gic
2022-05-18 00:13:04,792 [INFO] IPUIPlugin:64 - create IPUIPlugin
2022-05-18 00:13:04,792 [INFO] PluginManager:203 - loadIPPluginJar : add gpio
2022-05-18 00:13:04,885 [INFO] IPUIPlugin:64 - create IPUIPlugin
2022-05-18 00:13:04,885 [INFO] PluginManager:203 - loadIPPluginJar : add gtzc
2022-05-18 00:13:04,948 [INFO] IPUIPlugin:64 - create IPUIPlugin
2022-05-18 00:13:04,948 [INFO] PluginManager:203 - loadIPPluginJar : add hash
2022-05-18 00:13:05,073 [INFO] IPUIPlugin:64 - create IPUIPlugin
2022-05-18 00:13:05,073 [INFO] PluginManager:203 - loadIPPluginJar : add i2c
2022-05-18 00:13:05,135 [INFO] IPUIPlugin:64 - create IPUIPlugin
2022-05-18 00:13:05,135 [INFO] PluginManager:203 - loadIPPluginJar : add i2s
2022-05-18 00:13:05,166 [INFO] IPUIPlugin:64 - create IPUIPlugin
2022-05-18 00:13:05,166 [INFO] PluginManager:203 - loadIPPluginJar : add ipddr
2022-05-18 00:13:05,245 [INFO] IPUIPlugin:64 - create IPUIPlugin
2022-05-18 00:13:05,245 [INFO] PluginManager:203 - loadIPPluginJar : add lorawan
2022-05-18 00:13:05,291 [INFO] IPUIPlugin:64 - create IPUIPlugin
2022-05-18 00:13:05,291 [INFO] PluginManager:203 - loadIPPluginJar : add ltdc
2022-05-18 00:13:05,323 [INFO] ThirdPartyUpdaterWithRetryManager:56 - Updater plugin not ready yet. [2/15]
2022-05-18 00:13:05,323 [INFO] IPUIPlugin:64 - create IPUIPlugin
2022-05-18 00:13:05,323 [INFO] PluginManager:203 - loadIPPluginJar : add mdma
2022-05-18 00:13:05,354 [INFO] IPUIPlugin:64 - create IPUIPlugin
2022-05-18 00:13:05,354 [INFO] PluginManager:203 - loadIPPluginJar : add nvic
2022-05-18 00:13:05,416 [INFO] IPUIPlugin:64 - create IPUIPlugin
2022-05-18 00:13:05,416 [INFO] PluginManager:203 - loadIPPluginJar : add opamp
2022-05-18 00:13:05,479 [INFO] IPUIPlugin:64 - create IPUIPlugin
2022-05-18 00:13:05,479 [INFO] PluginManager:203 - loadIPPluginJar : add openamp
2022-05-18 00:13:05,541 [INFO] IPUIPlugin:64 - create IPUIPlugin
2022-05-18 00:13:05,541 [INFO] PluginManager:203 - loadIPPluginJar : add pdm2pcm
2022-05-18 00:13:05,573 [INFO] IPUIPlugin:64 - create IPUIPlugin
2022-05-18 00:13:05,573 [INFO] PluginManager:203 - loadIPPluginJar : add plateformsettings
2022-05-18 00:13:05,635 [INFO] IPUIPlugin:64 - create IPUIPlugin
2022-05-18 00:13:05,635 [INFO] PluginManager:203 - loadIPPluginJar : add quadspi
2022-05-18 00:13:05,666 [INFO] IPUIPlugin:64 - create IPUIPlugin
2022-05-18 00:13:05,666 [INFO] PluginManager:203 - loadIPPluginJar : add resmgrutility
2022-05-18 00:13:05,729 [INFO] IPUIPlugin:64 - create IPUIPlugin
2022-05-18 00:13:05,729 [INFO] PluginManager:203 - loadIPPluginJar : add sai
2022-05-18 00:13:05,791 [INFO] IPUIPlugin:64 - create IPUIPlugin
2022-05-18 00:13:05,791 [INFO] PluginManager:203 - loadIPPluginJar : add spi
2022-05-18 00:13:05,869 [INFO] IPUIPlugin:64 - create IPUIPlugin
2022-05-18 00:13:05,869 [INFO] PluginManager:203 - loadIPPluginJar : add stm32_wpan
2022-05-18 00:13:05,916 [INFO] IPUIPlugin:64 - create IPUIPlugin
2022-05-18 00:13:05,916 [INFO] PluginManager:203 - loadIPPluginJar : add tim
2022-05-18 00:13:05,994 [INFO] IPUIPlugin:64 - create IPUIPlugin
2022-05-18 00:13:05,994 [INFO] PluginManager:203 - loadIPPluginJar : add touchsensing
2022-05-18 00:13:06,041 [INFO] IPUIPlugin:64 - create IPUIPlugin
2022-05-18 00:13:06,041 [INFO] PluginManager:203 - loadIPPluginJar : add tracer_emb
2022-05-18 00:13:06,072 [INFO] IPUIPlugin:64 - create IPUIPlugin
2022-05-18 00:13:06,072 [INFO] PluginManager:203 - loadIPPluginJar : add ts
2022-05-18 00:13:06,088 [INFO] IPUIPlugin:64 - create IPUIPlugin
2022-05-18 00:13:06,088 [INFO] PluginManager:203 - loadIPPluginJar : add tsc
2022-05-18 00:13:06,135 [INFO] IPUIPlugin:64 - create IPUIPlugin
2022-05-18 00:13:06,135 [INFO] PluginManager:203 - loadIPPluginJar : add ucpd
2022-05-18 00:13:06,213 [INFO] IPUIPlugin:64 - create IPUIPlugin
2022-05-18 00:13:06,213 [INFO] PluginManager:203 - loadIPPluginJar : add usart
2022-05-18 00:13:07,188 [FATAL] Updater:284 - Updater called before beeing initialized
2022-05-18 00:13:07,438 [FATAL] Updater:284 - Updater called before beeing initialized
2022-05-18 00:13:07,485 [INFO] DbMcusAds:132 - JSON generation date=Thu Sep 30 13:55:09 ICT 2021 (1632984909249)
2022-05-18 00:13:07,485 [FATAL] Updater:284 - Updater called before beeing initialized
2022-05-18 00:13:07,641 [WARN] DetailPanel:315 - Failed to get advertising image, set to default
2022-05-18 00:13:08,063 [FATAL] Updater:284 - Updater called before beeing initialized
2022-05-18 00:13:08,094 [FATAL] Updater:284 - Updater called before beeing initialized
2022-05-18 00:13:08,094 [FATAL] Updater:284 - Updater called before beeing initialized
2022-05-18 00:13:08,094 [WARN] DetailPanel:315 - Failed to get advertising image, set to default
2022-05-18 00:13:08,094 [FATAL] Updater:284 - Updater called before beeing initialized
2022-05-18 00:13:08,219 [FATAL] Updater:284 - Updater called before beeing initialized
2022-05-18 00:13:08,219 [WARN] ThirdParty:796 - waiting for thirdparty lock release [close project]
2022-05-18 00:13:08,328 [INFO] ThirdPartyUpdaterWithRetryManager:56 - Updater plugin not ready yet. [3/15]
2022-05-18 00:13:11,338 [FATAL] Updater:284 - Updater called before beeing initialized
2022-05-18 00:13:11,338 [ERROR] AbstractThirdPartyUpdaterManager:153 - class java.lang.Integer cannot be cast to class java.util.List (java.lang.Integer and java.util.List are in module java.base of loader 'bootstrap')
2022-05-18 00:13:11,338 [INFO] ThirdParty:900 - Integrity check success = false
2022-05-18 00:13:11,338 [INFO] IntegrityCheckThread:75 - exiting critical section [integrity check]
2022-05-18 00:13:11,338 [INFO] IntegrityCheckThread:78 - End integrity checks thread
2022-05-18 00:13:11,338 [INFO] ThirdParty:798 - entering critical section [close project]
2022-05-18 00:13:11,338 [INFO] ThirdParty:809 - exiting critical section [close project]
2022-05-18 00:13:11,338 [INFO] PinOutPanel:1435 - setPackage(No Configuration,No Configuration)
2022-05-18 00:13:11,338 [FATAL] Updater:284 - Updater called before beeing initialized
2022-05-18 00:13:11,401 [ERROR] Updater:1065 - MainUpdater not yet initialized. External WinMGr cannot be set.
2022-05-18 00:13:11,432 [INFO] Updater:1002 - Updater Version found : 6.2.1
2022-05-18 00:13:11,463 [INFO] ApplicationProperties:181 - Using Application install path: C:\ST\STM32CubeIDE_1.6.1\STM32CubeIDE\plugins\com.st.stm32cube.common.mx_6.2.1.202103241236
2022-05-18 00:13:12,666 [INFO] MainUpdater:2661 - connection check result : 10
2022-05-18 00:13:12,666 [INFO] MainUpdater:255 - Updater Check For Update Now.
2022-05-18 00:13:12,666 [INFO] MicroXplorer:472 - Change Database Version : DB.6.0.21
2022-05-18 00:13:12,807 [INFO] CheckServerUpdateThread:102 - End of CheckServer Thread
2022-05-18 00:13:12,854 [INFO] MainUpdater:2661 - connection check result : 10
2022-05-18 00:13:14,052 [INFO] ServerAccessManage:348 - Download File ad.zip
2022-05-18 00:13:14,130 [INFO] FileExtend:225 - Unzip File : ad.zip
2022-05-18 00:13:14,130 [INFO] FileExtend:240 - Standard Zip Deflate
2022-05-18 00:13:14,193 [INFO] LoadUrlFilesThread:135 - End of LoadUrlFiles Thread
2022-05-18 00:13:14,318 [INFO] ServerAccessManage:348 - Download File mcusAds.json._tmp_
2022-05-18 00:13:14,318 [INFO] LoadUrlFilesThread:135 - End of LoadUrlFiles Thread
2022-05-18 00:13:15,239 [INFO] ServerAccessManage:348 - Download File mcusDocs.json._tmp_
2022-05-18 00:13:16,223 [INFO] LoadUrlFilesThread:135 - End of LoadUrlFiles Thread
2022-05-18 00:13:16,270 [INFO] ServerAccessManage:348 - Download File mcusFeaturesAndDescription.json._tmp_
2022-05-18 00:13:17,235 [INFO] LoadUrlFilesThread:135 - End of LoadUrlFiles Thread
2022-05-18 00:13:17,287 [INFO] ServerAccessManage:348 - Download File boardsDocs.json._tmp_
2022-05-18 00:13:17,297 [INFO] LoadUrlFilesThread:135 - End of LoadUrlFiles Thread
2022-05-18 00:13:17,346 [INFO] ServerAccessManage:348 - Download File boards.json._tmp_
2022-05-18 00:13:17,403 [INFO] LoadUrlFilesThread:135 - End of LoadUrlFiles Thread
2022-05-18 00:13:18,440 [INFO] ServerAccessManage:348 - Download File cube-finder-db.zip
2022-05-18 00:13:21,018 [INFO] FileExtend:225 - Unzip File : cube-finder-db.zip
2022-05-18 00:13:21,018 [INFO] FileExtend:240 - Standard Zip Deflate
2022-05-18 00:13:22,952 [INFO] LoadUrlFilesThread:135 - End of LoadUrlFiles Thread
2022-05-18 00:13:24,650 [INFO] ServerAccessManage:348 - Download File crdb.zip
2022-05-18 00:13:26,321 [INFO] FileExtend:225 - Unzip File : crdb.zip
2022-05-18 00:13:26,321 [INFO] FileExtend:240 - Standard Zip Deflate
2022-05-18 00:13:26,352 [INFO] LoadUrlFilesThread:135 - End of LoadUrlFiles Thread
2022-05-18 00:13:26,415 [INFO] ServerAccessManage:348 - Download File tutoVideoDB.zip
2022-05-18 00:13:26,430 [INFO] FileExtend:225 - Unzip File : tutoVideoDB.zip
2022-05-18 00:13:26,430 [INFO] FileExtend:240 - Standard Zip Deflate
2022-05-18 00:13:26,446 [INFO] LoadUrlFilesThread:135 - End of LoadUrlFiles Thread
2022-05-18 00:13:26,446 [INFO] DbMcusAds:132 - JSON generation date=Thu Sep 30 13:55:09 ICT 2021 (1632984909249)
2022-05-18 00:13:26,477 [INFO] DbMcusDocs:143 - JSON generation date=Tue Nov 16 23:17:54 ICT 2021 (1637079474)
2022-05-18 00:13:26,477 [INFO] DbMcusXml:100 - Load MCU database from C:\ST\STM32CubeIDE_1.6.1\STM32CubeIDE\plugins\com.st.stm32cube.common.mx_6.2.1.202103241236\\db\/mcu/families.xml
2022-05-18 00:13:27,836 [INFO] DbMcusJson:94 - JSON generation date=Tue Nov 16 23:17:54 ICT 2021 (1637079474)
2022-05-18 00:13:28,696 [INFO] DbMcus:175 - Found 1906 MCUs (1866 are supported by CubeMX, 1920 are visible in CubeMX)
2022-05-18 00:13:28,696 [INFO] ApiDb:251 - Load user favorites file C:\Users\Admin/.stm32cubeide/favorites.mcus.txt: 0 item(s)
2022-05-18 00:13:28,696 [INFO] ApiDb:255 - User favorites MCUs=[]
2022-05-18 00:13:28,696 [INFO] DbMcus:187 - Set 0 / 0 favorites MCUs
2022-05-18 00:13:29,268 [INFO] DbMcusDocs:79 - Found 682 MCUs documents
2022-05-18 00:13:29,268 [INFO] ApiDb:276 - Save user favorites file C:\Users\Admin/.stm32cubeide/favorites.mcus.txt: 0 item(s)
2022-05-18 00:13:29,268 [INFO] ApiDb:280 - User favorites MCUs=[]
2022-05-18 00:13:29,268 [INFO] DbMcusXml:100 - Load MCU database from C:\ST\STM32CubeIDE_1.6.1\STM32CubeIDE\plugins\com.st.stm32cube.common.mx_6.2.1.202103241236\\db\/mcu/families.xml
2022-05-18 00:13:30,159 [INFO] DbMcusJson:94 - JSON generation date=Tue Nov 16 23:17:54 ICT 2021 (1637079474)
2022-05-18 00:13:30,846 [INFO] DbMcus:175 - Found 1906 MCUs (1866 are supported by CubeMX, 1920 are visible in CubeMX)
2022-05-18 00:13:30,846 [INFO] ApiDb:251 - Load user favorites file C:\Users\Admin/.stm32cubeide/favorites.mcus.txt: 0 item(s)
2022-05-18 00:13:30,846 [INFO] ApiDb:255 - User favorites MCUs=[]
2022-05-18 00:13:30,846 [INFO] DbMcus:187 - Set 0 / 0 favorites MCUs
2022-05-18 00:13:30,846 [INFO] DbBoardsDocs:143 - JSON generation date=Tue Nov 16 23:17:54 ICT 2021 (1637079474)
2022-05-18 00:13:30,987 [INFO] DbBoardsPdsc:90 - Found 24 items
2022-05-18 00:13:31,002 [INFO] DbBoardsPdsc:90 - Found 9 items
2022-05-18 00:13:31,034 [INFO] DbBoardsPdsc:90 - Found 33 items
2022-05-18 00:13:31,049 [INFO] DbBoardsPdsc:90 - Found 1 items
2022-05-18 00:13:31,080 [INFO] DbBoardsPdsc:90 - Found 46 items
2022-05-18 00:13:31,096 [INFO] DbBoardsPdsc:90 - Found 41 items
2022-05-18 00:13:31,127 [INFO] DbBoardsPdsc:90 - Found 2 items
2022-05-18 00:13:31,143 [INFO] DbBoardsPdsc:90 - Found 5 items
2022-05-18 00:13:31,158 [WARN] DbBoardsPdsc:254 - Board NUCLEO-WB15CC: unknown feature type=, name=, username=Three user LEDs, n=1
2022-05-18 00:13:31,158 [WARN] DbBoardsPdsc:254 - Board NUCLEO-WB15CC: unknown feature type=, name=, username=One reset and three user push-buttons, n=1
2022-05-18 00:13:31,158 [WARN] DbBoardsPdsc:254 - Board NUCLEO-WB15CC: unknown feature type=, name=, username=Arduino Uno V3 expansion connector, n=1
2022-05-18 00:13:31,158 [WARN] DbBoardsPdsc:254 - Board NUCLEO-WB15CC: unknown feature type=, name=, username=ST morpho extension pin headers for full access to all STM32WB I/Os, n=1
2022-05-18 00:13:31,158 [WARN] DbBoardsPdsc:254 - Board NUCLEO-WB15CC: unknown feature type=, name=, username=Integrated PCB antenna and SMA connector footprint, n=1
2022-05-18 00:13:31,158 [WARN] DbBoardsPdsc:254 - Board NUCLEO-WB15CC: unknown feature type=, name=, username=Flexible power-supply options: ST-LINK, USB VBUS, or external sources, n=1
2022-05-18 00:13:31,158 [WARN] DbBoardsPdsc:254 - Board NUCLEO-WB15CC: unknown feature type=, name=, username=On-board footprint to mount a CR2032 battery socket, n=1
2022-05-18 00:13:31,158 [WARN] DbBoardsPdsc:254 - Board NUCLEO-WB15CC: unknown feature type=, name=, username=On-board ST-LINK/V2-1 debugger/programmer with USB re-enumeration capability: mass storage, Virtual COM port, and debug port, n=1
2022-05-18 00:13:31,158 [WARN] DbBoardsPdsc:254 - Board NUCLEO-WB15CC: unknown feature type=, name=, username=Comprehensive free software libraries and examples available with the STM32CubeWB MCU Package, n=1
2022-05-18 00:13:31,158 [WARN] DbBoardsPdsc:254 - Board NUCLEO-WB15CC: unknown feature type=, name=, username=Support of a wide choice of Integrated Development Environments (IDEs) including IAR Embedded Workbench, MDK-ARM, STM32CubeIDE, and Mbed Studio, n=1
2022-05-18 00:13:31,158 [WARN] DbBoardsPdsc:254 - Board STM32H7B3I-DK: unknown feature type=Audio, name=, username=Audio stereo codec with Headphone Amp (CS42L51-CNZ), n=1
2022-05-18 00:13:31,158 [WARN] DbBoardsPdsc:254 - Board STM32H735G-DK: unknown feature type=Audio, name=, username=Audio stereo codec with Headphone Amp (WM8994ECS/R), n=1
2022-05-18 00:13:31,158 [WARN] DbBoardsPdsc:254 - Board STM32WB5MM-DK: unknown feature type=, name=, username=Time-of-Flight and gesture-detection sensor, n=1
2022-05-18 00:13:31,158 [WARN] DbBoardsPdsc:254 - Board STM32WB5MM-DK: unknown feature type=, name=, username=3 push-buttons (2 users and 1 reset) and 1 touch key button, n=1
2022-05-18 00:13:31,158 [WARN] DbBoardsPdsc:254 - Board STM32WB5MM-DK: unknown feature type=, name=, username=Flexible power-supply options: ST-LINK/V2-1 USB connector, 5 V delivered by ARDUINO速 or external connector, USB charger, or USB power, n=1
2022-05-18 00:13:31,158 [WARN] DbBoardsPdsc:254 - Board STM32WB5MM-DK: unknown feature type=, name=, username=On-board ST-LINK/V2-1 debugger/programmer with USB re-enumeration capability: Virtual COM port and debug port, n=1
2022-05-18 00:13:31,158 [WARN] DbBoardsPdsc:254 - Board STM32WB5MM-DK: unknown feature type=, name=, username=Comprehensive free software libraries and examples available with the STM32CubeWB MCU Package, n=1
2022-05-18 00:13:31,158 [WARN] DbBoardsPdsc:254 - Board STM32WB5MM-DK: unknown feature type=, name=, username=Support of a wide choice of Integrated Development Environments (IDEs) including IAR Embedded Workbench速, MDK-ARM, and STM32CubeIDE, n=1
2022-05-18 00:13:31,174 [WARN] DbBoardsPdsc:254 - Board STM32H7B3I-EVAL: unknown feature type=Audio, name=, username=Multi-Channel Audio Codec (CS42L51-CNZ), n=1
2022-05-18 00:13:31,174 [WARN] DbBoardsPdsc:254 - Board STM32H7B3I-EVAL: unknown feature type=Meter, name=, username=Power-metering and Temperature-monitoring with sigma-delta modulators, n=1
2022-05-18 00:13:31,174 [WARN] DbBoardsPdsc:254 - Board STM32H7B3I-EVAL: unknown feature type=Motor, name=, username=Motor Control, n=1
2022-05-18 00:13:31,205 [INFO] DbBoardsJson:87 - JSON generation date=Tue Nov 16 23:17:54 ICT 2021 (1637079474)
2022-05-18 00:13:31,221 [INFO] DbBoards:117 - Found 167 boards (158 are supported by CubeMX)
2022-05-18 00:13:31,221 [INFO] DbBoardsDocs:143 - JSON generation date=Tue Nov 16 23:17:54 ICT 2021 (1637079474)
2022-05-18 00:13:31,221 [INFO] DbBoardsDocs:79 - Found 209 boards documents
2022-05-18 00:13:31,237 [WARN] DbBoards:127 - board B-L475E-IOT01A2 has no document id list !
2022-05-18 00:13:31,237 [WARN] DbBoards:127 - board NUCLEO-H743ZI has no document id list !
2022-05-18 00:13:31,237 [WARN] DbBoards:127 - board NUCLEO-WL55JC2 has no document id list !
2022-05-18 00:13:31,237 [WARN] DbBoards:127 - board P-NUCLEO-WB55-Nucleo has no document id list !
2022-05-18 00:13:31,237 [WARN] DbBoards:127 - board P-NUCLEO-WB55-USBDongle has no document id list !
2022-05-18 00:13:31,237 [WARN] DbBoards:127 - board STEVAL-BFA001V1B has no document id list !
2022-05-18 00:13:31,237 [WARN] DbBoards:127 - board STEVAL-BFA001V2B has no document id list !
2022-05-18 00:13:31,237 [WARN] DbBoards:127 - board STEVAL-IDP005V1 has no document id list !
2022-05-18 00:13:31,237 [WARN] DbBoards:127 - board STEVAL-IDP005V2 has no document id list !
2022-05-18 00:13:31,237 [WARN] DbBoards:127 - board STEVAL-MKSBOX1V1 has no document id list !
2022-05-18 00:13:31,237 [WARN] DbBoards:127 - board STEVAL-STWINKT1 has no document id list !
2022-05-18 00:13:31,237 [WARN] DbBoards:127 - board STEVAL-STWINKT1B has no document id list !
2022-05-18 00:13:31,237 [WARN] DbBoards:127 - board STM32439I-EVAL2 has no document id list !
2022-05-18 00:13:31,237 [WARN] DbBoards:127 - board STM32F401C-DISCO has no document id list !
2022-05-18 00:13:31,237 [WARN] DbBoards:127 - board STM32F769I-DISC1 has no document id list !
2022-05-18 00:13:31,237 [WARN] DbBoards:127 - board STM32G474E-EVAL1 has no document id list !
2022-05-18 00:13:31,237 [WARN] DbBoards:127 - board STM32H743I-EVAL2 has no document id list !
2022-05-18 00:13:31,237 [WARN] DbBoards:127 - board STM32H747I-DISC1 has no document id list !
2022-05-18 00:13:31,237 [WARN] DbBoards:127 - board STM32H753I-EVAL2 has no document id list !
2022-05-18 00:13:31,237 [WARN] DbBoards:127 - board STM32L-DISCOVERY has no document id list !
2022-05-18 00:13:31,518 [ERROR] DbBoards:189 - Image file not found for board B-U585I-IOT02A: C:\ST\STM32CubeIDE_1.6.1\STM32CubeIDE\plugins\com.st.stm32cube.common.mx_6.2.1.202103241236\\db\/plugins/mcufinder/images/boards/B-U585I-IOT02A_small.jpg
2022-05-18 00:13:31,690 [ERROR] DbBoards:189 - Image file not found for board NUCLEO-F413ZH: C:\ST\STM32CubeIDE_1.6.1\STM32CubeIDE\plugins\com.st.stm32cube.common.mx_6.2.1.202103241236\\db\/plugins/mcufinder/images/boards/nucleo-f413zh_small.jpg
2022-05-18 00:13:31,877 [ERROR] DbBoards:189 - Image file not found for board NUCLEO-L552ZE-Q: C:\ST\STM32CubeIDE_1.6.1\STM32CubeIDE\plugins\com.st.stm32cube.common.mx_6.2.1.202103241236\\db\/plugins/mcufinder/images/boards/nucleo_l552ze_q_small.jpg
2022-05-18 00:13:31,893 [ERROR] DbBoards:189 - Image file not found for board NUCLEO-U575ZI-Q: C:\ST\STM32CubeIDE_1.6.1\STM32CubeIDE\plugins\com.st.stm32cube.common.mx_6.2.1.202103241236\\db\/plugins/mcufinder/images/boards/nucleo-u575zi-q_small.jpg
2022-05-18 00:13:31,893 [ERROR] DbBoards:189 - Image file not found for board NUCLEO-WB15CC: C:\ST\STM32CubeIDE_1.6.1\STM32CubeIDE\plugins\com.st.stm32cube.common.mx_6.2.1.202103241236\\db\/plugins/mcufinder/images/boards/nucleo-wb15cc_small.jpg
2022-05-18 00:13:31,893 [ERROR] DbBoards:189 - Image file not found for board NUCLEO-WB55RG: C:\ST\STM32CubeIDE_1.6.1\STM32CubeIDE\plugins\com.st.stm32cube.common.mx_6.2.1.202103241236\\db\/plugins/mcufinder/images/boards/nucleo-wb55rg_small.jpg
2022-05-18 00:13:34,278 [ERROR] DbBoards:189 - Image file not found for board STM32U575I-EV: C:\ST\STM32CubeIDE_1.6.1\STM32CubeIDE\plugins\com.st.stm32cube.common.mx_6.2.1.202103241236\\db\/plugins/mcufinder/images/boards/stm32u575i-ev_small.jpg
2022-05-18 00:13:34,387 [INFO] ApiDb:251 - Load user favorites file C:\Users\Admin/.stm32cubeide/favorites.boards.txt: 0 item(s)
2022-05-18 00:13:34,387 [INFO] ApiDb:255 - User favorites Boards=[]
2022-05-18 00:13:34,387 [INFO] DbBoards:206 - Set 0 / 0 favorites Boards
2022-05-18 00:13:34,387 [INFO] DbBoardsDocs:79 - Found 418 boards documents
2022-05-18 00:13:34,387 [INFO] ApiDb:276 - Save user favorites file C:\Users\Admin/.stm32cubeide/favorites.boards.txt: 0 item(s)
2022-05-18 00:13:34,387 [INFO] ApiDb:280 - User favorites Boards=[]
2022-05-18 00:13:34,403 [INFO] DbBoardsPdsc:90 - Found 24 items
2022-05-18 00:13:34,403 [INFO] DbBoardsPdsc:90 - Found 9 items
2022-05-18 00:13:34,403 [INFO] DbBoardsPdsc:90 - Found 33 items
2022-05-18 00:13:34,403 [INFO] DbBoardsPdsc:90 - Found 1 items
2022-05-18 00:13:34,418 [INFO] DbBoardsPdsc:90 - Found 46 items
2022-05-18 00:13:34,418 [INFO] DbBoardsPdsc:90 - Found 41 items
2022-05-18 00:13:34,418 [INFO] DbBoardsPdsc:90 - Found 2 items
2022-05-18 00:13:34,418 [INFO] DbBoardsPdsc:90 - Found 5 items
2022-05-18 00:13:34,418 [WARN] DbBoardsPdsc:254 - Board NUCLEO-WB15CC: unknown feature type=, name=, username=Three user LEDs, n=1
2022-05-18 00:13:34,418 [WARN] DbBoardsPdsc:254 - Board NUCLEO-WB15CC: unknown feature type=, name=, username=One reset and three user push-buttons, n=1
2022-05-18 00:13:34,418 [WARN] DbBoardsPdsc:254 - Board NUCLEO-WB15CC: unknown feature type=, name=, username=Arduino Uno V3 expansion connector, n=1
2022-05-18 00:13:34,418 [WARN] DbBoardsPdsc:254 - Board NUCLEO-WB15CC: unknown feature type=, name=, username=ST morpho extension pin headers for full access to all STM32WB I/Os, n=1
2022-05-18 00:13:34,418 [WARN] DbBoardsPdsc:254 - Board NUCLEO-WB15CC: unknown feature type=, name=, username=Integrated PCB antenna and SMA connector footprint, n=1
2022-05-18 00:13:34,418 [WARN] DbBoardsPdsc:254 - Board NUCLEO-WB15CC: unknown feature type=, name=, username=Flexible power-supply options: ST-LINK, USB VBUS, or external sources, n=1
2022-05-18 00:13:34,418 [WARN] DbBoardsPdsc:254 - Board NUCLEO-WB15CC: unknown feature type=, name=, username=On-board footprint to mount a CR2032 battery socket, n=1
2022-05-18 00:13:34,418 [WARN] DbBoardsPdsc:254 - Board NUCLEO-WB15CC: unknown feature type=, name=, username=On-board ST-LINK/V2-1 debugger/programmer with USB re-enumeration capability: mass storage, Virtual COM port, and debug port, n=1
2022-05-18 00:13:34,418 [WARN] DbBoardsPdsc:254 - Board NUCLEO-WB15CC: unknown feature type=, name=, username=Comprehensive free software libraries and examples available with the STM32CubeWB MCU Package, n=1
2022-05-18 00:13:34,418 [WARN] DbBoardsPdsc:254 - Board NUCLEO-WB15CC: unknown feature type=, name=, username=Support of a wide choice of Integrated Development Environments (IDEs) including IAR Embedded Workbench, MDK-ARM, STM32CubeIDE, and Mbed Studio, n=1
2022-05-18 00:13:34,418 [WARN] DbBoardsPdsc:254 - Board STM32H7B3I-DK: unknown feature type=Audio, name=, username=Audio stereo codec with Headphone Amp (CS42L51-CNZ), n=1
2022-05-18 00:13:34,418 [WARN] DbBoardsPdsc:254 - Board STM32H735G-DK: unknown feature type=Audio, name=, username=Audio stereo codec with Headphone Amp (WM8994ECS/R), n=1
2022-05-18 00:13:34,418 [WARN] DbBoardsPdsc:254 - Board STM32WB5MM-DK: unknown feature type=, name=, username=Time-of-Flight and gesture-detection sensor, n=1
2022-05-18 00:13:34,418 [WARN] DbBoardsPdsc:254 - Board STM32WB5MM-DK: unknown feature type=, name=, username=3 push-buttons (2 users and 1 reset) and 1 touch key button, n=1
2022-05-18 00:13:34,418 [WARN] DbBoardsPdsc:254 - Board STM32WB5MM-DK: unknown feature type=, name=, username=Flexible power-supply options: ST-LINK/V2-1 USB connector, 5 V delivered by ARDUINO速 or external connector, USB charger, or USB power, n=1
2022-05-18 00:13:34,418 [WARN] DbBoardsPdsc:254 - Board STM32WB5MM-DK: unknown feature type=, name=, username=On-board ST-LINK/V2-1 debugger/programmer with USB re-enumeration capability: Virtual COM port and debug port, n=1
2022-05-18 00:13:34,418 [WARN] DbBoardsPdsc:254 - Board STM32WB5MM-DK: unknown feature type=, name=, username=Comprehensive free software libraries and examples available with the STM32CubeWB MCU Package, n=1
2022-05-18 00:13:34,418 [WARN] DbBoardsPdsc:254 - Board STM32WB5MM-DK: unknown feature type=, name=, username=Support of a wide choice of Integrated Development Environments (IDEs) including IAR Embedded Workbench速, MDK-ARM, and STM32CubeIDE, n=1
2022-05-18 00:13:34,434 [WARN] DbBoardsPdsc:254 - Board STM32H7B3I-EVAL: unknown feature type=Audio, name=, username=Multi-Channel Audio Codec (CS42L51-CNZ), n=1
2022-05-18 00:13:34,434 [WARN] DbBoardsPdsc:254 - Board STM32H7B3I-EVAL: unknown feature type=Meter, name=, username=Power-metering and Temperature-monitoring with sigma-delta modulators, n=1
2022-05-18 00:13:34,434 [WARN] DbBoardsPdsc:254 - Board STM32H7B3I-EVAL: unknown feature type=Motor, name=, username=Motor Control, n=1
2022-05-18 00:13:34,449 [INFO] DbBoardsJson:87 - JSON generation date=Tue Nov 16 23:17:54 ICT 2021 (1637079474)
2022-05-18 00:13:34,449 [INFO] DbBoards:117 - Found 167 boards (158 are supported by CubeMX)
2022-05-18 00:13:34,449 [WARN] DbBoards:127 - board B-L475E-IOT01A2 has no document id list !
2022-05-18 00:13:34,449 [WARN] DbBoards:127 - board NUCLEO-H743ZI has no document id list !
2022-05-18 00:13:34,449 [WARN] DbBoards:127 - board NUCLEO-WL55JC2 has no document id list !
2022-05-18 00:13:34,449 [WARN] DbBoards:127 - board P-NUCLEO-WB55-Nucleo has no document id list !
2022-05-18 00:13:34,449 [WARN] DbBoards:127 - board P-NUCLEO-WB55-USBDongle has no document id list !
2022-05-18 00:13:34,449 [WARN] DbBoards:127 - board STEVAL-BFA001V1B has no document id list !
2022-05-18 00:13:34,449 [WARN] DbBoards:127 - board STEVAL-BFA001V2B has no document id list !
2022-05-18 00:13:34,449 [WARN] DbBoards:127 - board STEVAL-IDP005V1 has no document id list !
2022-05-18 00:13:34,449 [WARN] DbBoards:127 - board STEVAL-IDP005V2 has no document id list !
2022-05-18 00:13:34,449 [WARN] DbBoards:127 - board STEVAL-MKSBOX1V1 has no document id list !
2022-05-18 00:13:34,449 [WARN] DbBoards:127 - board STEVAL-STWINKT1 has no document id list !
2022-05-18 00:13:34,449 [WARN] DbBoards:127 - board STEVAL-STWINKT1B has no document id list !
2022-05-18 00:13:34,449 [WARN] DbBoards:127 - board STM32439I-EVAL2 has no document id list !
2022-05-18 00:13:34,449 [WARN] DbBoards:127 - board STM32F401C-DISCO has no document id list !
2022-05-18 00:13:34,449 [WARN] DbBoards:127 - board STM32F769I-DISC1 has no document id list !
2022-05-18 00:13:34,449 [WARN] DbBoards:127 - board STM32G474E-EVAL1 has no document id list !
2022-05-18 00:13:34,449 [WARN] DbBoards:127 - board STM32H743I-EVAL2 has no document id list !
2022-05-18 00:13:34,449 [WARN] DbBoards:127 - board STM32H747I-DISC1 has no document id list !
2022-05-18 00:13:34,449 [WARN] DbBoards:127 - board STM32H753I-EVAL2 has no document id list !
2022-05-18 00:13:34,449 [WARN] DbBoards:127 - board STM32L-DISCOVERY has no document id list !
2022-05-18 00:13:34,528 [ERROR] DbBoards:189 - Image file not found for board B-U585I-IOT02A: C:\ST\STM32CubeIDE_1.6.1\STM32CubeIDE\plugins\com.st.stm32cube.common.mx_6.2.1.202103241236\\db\/plugins/mcufinder/images/boards/B-U585I-IOT02A_small.jpg
2022-05-18 00:13:34,621 [ERROR] DbBoards:189 - Image file not found for board NUCLEO-F413ZH: C:\ST\STM32CubeIDE_1.6.1\STM32CubeIDE\plugins\com.st.stm32cube.common.mx_6.2.1.202103241236\\db\/plugins/mcufinder/images/boards/nucleo-f413zh_small.jpg
2022-05-18 00:13:34,809 [ERROR] DbBoards:189 - Image file not found for board NUCLEO-L552ZE-Q: C:\ST\STM32CubeIDE_1.6.1\STM32CubeIDE\plugins\com.st.stm32cube.common.mx_6.2.1.202103241236\\db\/plugins/mcufinder/images/boards/nucleo_l552ze_q_small.jpg
2022-05-18 00:13:34,809 [ERROR] DbBoards:189 - Image file not found for board NUCLEO-U575ZI-Q: C:\ST\STM32CubeIDE_1.6.1\STM32CubeIDE\plugins\com.st.stm32cube.common.mx_6.2.1.202103241236\\db\/plugins/mcufinder/images/boards/nucleo-u575zi-q_small.jpg
2022-05-18 00:13:34,809 [ERROR] DbBoards:189 - Image file not found for board NUCLEO-WB15CC: C:\ST\STM32CubeIDE_1.6.1\STM32CubeIDE\plugins\com.st.stm32cube.common.mx_6.2.1.202103241236\\db\/plugins/mcufinder/images/boards/nucleo-wb15cc_small.jpg
2022-05-18 00:13:34,809 [ERROR] DbBoards:189 - Image file not found for board NUCLEO-WB55RG: C:\ST\STM32CubeIDE_1.6.1\STM32CubeIDE\plugins\com.st.stm32cube.common.mx_6.2.1.202103241236\\db\/plugins/mcufinder/images/boards/nucleo-wb55rg_small.jpg
2022-05-18 00:13:35,559 [ERROR] DbBoards:189 - Image file not found for board STM32U575I-EV: C:\ST\STM32CubeIDE_1.6.1\STM32CubeIDE\plugins\com.st.stm32cube.common.mx_6.2.1.202103241236\\db\/plugins/mcufinder/images/boards/stm32u575i-ev_small.jpg
2022-05-18 00:13:35,605 [INFO] ApiDb:251 - Load user favorites file C:\Users\Admin/.stm32cubeide/favorites.boards.txt: 0 item(s)
2022-05-18 00:13:35,605 [INFO] ApiDb:255 - User favorites Boards=[]
2022-05-18 00:13:35,605 [INFO] DbBoards:206 - Set 0 / 0 favorites Boards
2022-05-18 00:13:35,965 [INFO] ApiDb:479 - Connected to CubeFinder SQLite database (C:\Users\Admin\.stmcufinder\plugins\mcufinder\mcu\cube-finder-db.db)
2022-05-18 00:13:36,839 [INFO] DbExamplesSqlite:401 - Ignored 24 examples not supported by CubeIDE
2022-05-18 00:13:36,839 [INFO] DbExamplesSqlite:402 - Found 6137 examples active
2022-05-18 00:13:36,839 [INFO] DbExamplesSqlite:403 - Found 64 examples obsolete
2022-05-18 00:13:36,839 [INFO] DbExamplesSqlite:404 - Found 0 examples under development
2022-05-18 00:13:36,839 [INFO] DbExamplesSqlite:405 - Found 96 examples not building
2022-05-18 00:13:36,871 [INFO] DbExamplesSqlite:104 - CubeFinder database Data Model version=2.1
2022-05-18 00:13:36,871 [INFO] DbExamplesSqlite:105 - CubeFinder database Configuration version=3.0.28
2022-05-18 00:13:36,871 [INFO] DbExamplesSqlite:106 - CubeFinder database generation date=2022-04-07 (1649336788)
2022-05-18 00:13:36,871 [INFO] DbExamplesSqlite:107 - CubeFinder database FW Pack versions=[STM32Cube_FW_C0_V1.0.0, STM32Cube_FW_F4_V1.27.0, STM32Cube_FW_F7_V1.16.2, STM32Cube_FW_G0_V1.5.1, STM32Cube_FW_G4_V1.5.0, STM32Cube_FW_H7_V1.10.0, STM32Cube_FW_L5_V1.4.0, STM32Cube_FW_U5_V1.1.0, STM32Cube_FW_WB_V1.13.3, STM32Cube_FW_WL_V1.2.0, X-CUBE-ALGOBUILD_V1.3.0, X-CUBE-ALS_V1.0.1, X-CUBE-AZRTOS-F4_V1.0.0, X-CUBE-AZRTOS-F7_V1.0.0, X-CUBE-AZRTOS-G0_V1.0.0, X-CUBE-AZRTOS-G4_V1.0.0, X-CUBE-AZRTOS-H7_V2.0.0, X-CUBE-AZRTOS-L4_V1.0.0, X-CUBE-AZRTOS-L5_V1.0.0, X-CUBE-AZRTOS-WL_V1.0.0, X-CUBE-BLE1_V6.2.3, X-CUBE-BLE2_V3.2.2, X-CUBE-EEPRMA1_V3.1.1, X-CUBE-GNSS1_V5.2.0, X-CUBE-MEMS1_V9.1.0, X-CUBE-NFC4_V2.0.3, X-CUBE-NFC7_V1.0.0, X-CUBE-SFXS2LP1_V3.1.0, X-CUBE-SUBG2_V4.2.0]
2022-05-18 00:13:36,871 [INFO] DbExamples:130 - Found 6209 examples
2022-05-18 00:13:37,527 [ERROR] DbExamples:206 - Found 6209 examples with invalid data (board or MCU)
2022-05-18 00:13:37,527 [INFO] DbExamples:222 - Found 74 boards with related examples
2022-05-18 00:13:37,527 [INFO] DbExamples:235 - Found 0 MCUs with related examples
2022-05-18 00:13:37,589 [INFO] ApiDb:251 - Load user favorites file C:\Users\Admin/.stm32cubeide/favorites.examples.txt: 0 item(s)
2022-05-18 00:13:37,589 [INFO] ApiDb:255 - User favorites Examples=[]
2022-05-18 00:13:37,589 [INFO] DbExamples:256 - Set 0 / 0 favorites Examples
2022-05-18 00:13:38,433 [INFO] CrossSelectorPresenter:1330 - Cross Selector saved comparison directory: C:\Users\Admin\.stmcufinder\plugins\mcufinder\mcu\cs_comparisons_mx
2022-05-18 00:13:38,449 [INFO] MultiScanPanel:200 - Auto-refresh data requested => check proxy status ongoing
2022-05-18 00:13:38,464 [INFO] FinderPluginLoader:87 - Searching for filters in installed packs
2022-05-18 00:13:39,397 [INFO] DetailPanel:310 - Set advertising image to C:/Users/Admin/STM32Cube/Repository/\en.Prom_NBSTM32U50921.jpg
2022-05-18 00:16:37,420 [INFO] ApiDb:276 - Save user favorites file C:\Users\Admin/.stm32cubeide/favorites.mcus.txt: 0 item(s)
2022-05-18 00:16:37,420 [INFO] ApiDb:280 - User favorites MCUs=[]
