06:44:04 **** Incremental Build of configuration Debug for project bootloader ****
make -j4 all 
arm-none-eabi-size   bootloader.elf 
   text	   data	    bss	    dec	    hex	filename
  11016	    120	   1664	  12800	   3200	bootloader.elf
Finished building: default.size.stdout
 
06:44:33 **** Incremental Build of configuration Debug for project bootloader ****
make -j4 all 
arm-none-eabi-size   bootloader.elf 
   text	   data	    bss	    dec	    hex	filename
  11016	    120	   1664	  12800	   3200	bootloader.elf
Finished building: default.size.stdout
 
06:45:22 **** Incremental Build of configuration Debug for project bootloader ****
make -j4 all 
arm-none-eabi-size   bootloader.elf 
   text	   data	    bss	    dec	    hex	filename
  11016	    120	   1664	  12800	   3200	bootloader.elf
Finished building: default.size.stdout
 
06:45:33 **** Incremental Build of configuration Debug for project bootloader ****
make -j4 all 
arm-none-eabi-size   bootloader.elf 
   text	   data	    bss	    dec	    hex	filename
  11016	    120	   1664	  12800	   3200	bootloader.elf
Finished building: default.size.stdout
 
06:46:22 **** Incremental Build of configuration Debug for project bootloader ****
make -j4 all 
arm-none-eabi-size   bootloader.elf 
   text	   data	    bss	    dec	    hex	filename
  11016	    120	   1664	  12800	   3200	bootloader.elf
Finished building: default.size.stdout
 
